* installing *source* package ‘conos’ ...
** using staged installation
** libs
/usr/local/opt/llvm/bin/clang++ -fopenmp -std=gnu++11 -I"/Library/Frameworks/R.framework/Resources/include" -DNDEBUG  -I'/Library/Frameworks/R.framework/Versions/4.0/Resources/library/Rcpp/include' -I'/Library/Frameworks/R.framework/Versions/4.0/Resources/library/RcppArmadillo/include' -I'/Library/Frameworks/R.framework/Versions/4.0/Resources/library/RcppEigen/include' -I'/Library/Frameworks/R.framework/Versions/4.0/Resources/library/RcppProgress/include' -isystem "/usr/local/opt/llvm/include" -isysroot "/Library/Developer/CommandLineTools/SDKs/MacOSX.sdk"  -I"./include"   -fPIC  -Wall -g -O2  -c RcppExports.cpp -o RcppExports.o
In file included from RcppExports.cpp:4:
In file included from /Library/Frameworks/R.framework/Versions/4.0/Resources/library/RcppArmadillo/include/RcppArmadillo.h:34:
In file included from /Library/Frameworks/R.framework/Versions/4.0/Resources/library/Rcpp/include/Rcpp.h:57:
/Library/Frameworks/R.framework/Versions/4.0/Resources/library/Rcpp/include/Rcpp/DataFrame.h:136:18: warning: unused variable 'data' [-Wunused-variable]
            SEXP data = Parent::get__();
                 ^
In file included from RcppExports.cpp:6:
In file included from /Library/Frameworks/R.framework/Versions/4.0/Resources/library/RcppEigen/include/RcppEigen.h:25:
In file included from /Library/Frameworks/R.framework/Versions/4.0/Resources/library/RcppEigen/include/RcppEigenForward.h:30:
In file included from /Library/Frameworks/R.framework/Versions/4.0/Resources/library/RcppEigen/include/Eigen/Dense:1:
In file included from /Library/Frameworks/R.framework/Versions/4.0/Resources/library/RcppEigen/include/Eigen/Core:540:
/Library/Frameworks/R.framework/Versions/4.0/Resources/library/RcppEigen/include/Eigen/src/Core/util/ReenableStupidWarnings.h:14:30: warning: pragma diagnostic pop could not pop, no matching push [-Wunknown-pragmas]
    #pragma clang diagnostic pop
                             ^
In file included from RcppExports.cpp:6:
In file included from /Library/Frameworks/R.framework/Versions/4.0/Resources/library/RcppEigen/include/RcppEigen.h:25:
In file included from /Library/Frameworks/R.framework/Versions/4.0/Resources/library/RcppEigen/include/RcppEigenForward.h:30:
In file included from /Library/Frameworks/R.framework/Versions/4.0/Resources/library/RcppEigen/include/Eigen/Dense:2:
In file included from /Library/Frameworks/R.framework/Versions/4.0/Resources/library/RcppEigen/include/Eigen/LU:47:
/Library/Frameworks/R.framework/Versions/4.0/Resources/library/RcppEigen/include/Eigen/src/Core/util/ReenableStupidWarnings.h:14:30: warning: pragma diagnostic pop could not pop, no matching push [-Wunknown-pragmas]
    #pragma clang diagnostic pop
                             ^
In file included from RcppExports.cpp:6:
In file included from /Library/Frameworks/R.framework/Versions/4.0/Resources/library/RcppEigen/include/RcppEigen.h:25:
In file included from /Library/Frameworks/R.framework/Versions/4.0/Resources/library/RcppEigen/include/RcppEigenForward.h:30:
In file included from /Library/Frameworks/R.framework/Versions/4.0/Resources/library/RcppEigen/include/Eigen/Dense:3:
In file included from /Library/Frameworks/R.framework/Versions/4.0/Resources/library/RcppEigen/include/Eigen/Cholesky:12:
In file included from /Library/Frameworks/R.framework/Versions/4.0/Resources/library/RcppEigen/include/Eigen/Jacobi:29:
/Library/Frameworks/R.framework/Versions/4.0/Resources/library/RcppEigen/include/Eigen/src/Core/util/ReenableStupidWarnings.h:14:30: warning: pragma diagnostic pop could not pop, no matching push [-Wunknown-pragmas]
    #pragma clang diagnostic pop
                             ^
In file included from RcppExports.cpp:6:
In file included from /Library/Frameworks/R.framework/Versions/4.0/Resources/library/RcppEigen/include/RcppEigen.h:25:
In file included from /Library/Frameworks/R.framework/Versions/4.0/Resources/library/RcppEigen/include/RcppEigenForward.h:30:
In file included from /Library/Frameworks/R.framework/Versions/4.0/Resources/library/RcppEigen/include/Eigen/Dense:3:
In file included from /Library/Frameworks/R.framework/Versions/4.0/Resources/library/RcppEigen/include/Eigen/Cholesky:43:
/Library/Frameworks/R.framework/Versions/4.0/Resources/library/RcppEigen/include/Eigen/src/Core/util/ReenableStupidWarnings.h:14:30: warning: pragma diagnostic pop could not pop, no matching push [-Wunknown-pragmas]
    #pragma clang diagnostic pop
                             ^
In file included from RcppExports.cpp:6:
In file included from /Library/Frameworks/R.framework/Versions/4.0/Resources/library/RcppEigen/include/RcppEigen.h:25:
In file included from /Library/Frameworks/R.framework/Versions/4.0/Resources/library/RcppEigen/include/RcppEigenForward.h:30:
In file included from /Library/Frameworks/R.framework/Versions/4.0/Resources/library/RcppEigen/include/Eigen/Dense:4:
In file included from /Library/Frameworks/R.framework/Versions/4.0/Resources/library/RcppEigen/include/Eigen/QR:15:
In file included from /Library/Frameworks/R.framework/Versions/4.0/Resources/library/RcppEigen/include/Eigen/Householder:27:
/Library/Frameworks/R.framework/Versions/4.0/Resources/library/RcppEigen/include/Eigen/src/Core/util/ReenableStupidWarnings.h:14:30: warning: pragma diagnostic pop could not pop, no matching push [-Wunknown-pragmas]
    #pragma clang diagnostic pop
                             ^
In file included from RcppExports.cpp:6:
In file included from /Library/Frameworks/R.framework/Versions/4.0/Resources/library/RcppEigen/include/RcppEigen.h:25:
In file included from /Library/Frameworks/R.framework/Versions/4.0/Resources/library/RcppEigen/include/RcppEigenForward.h:30:
In file included from /Library/Frameworks/R.framework/Versions/4.0/Resources/library/RcppEigen/include/Eigen/Dense:4:
In file included from /Library/Frameworks/R.framework/Versions/4.0/Resources/library/RcppEigen/include/Eigen/QR:48:
/Library/Frameworks/R.framework/Versions/4.0/Resources/library/RcppEigen/include/Eigen/src/Core/util/ReenableStupidWarnings.h:14:30: warning: pragma diagnostic pop could not pop, no matching push [-Wunknown-pragmas]
    #pragma clang diagnostic pop
                             ^
In file included from RcppExports.cpp:6:
In file included from /Library/Frameworks/R.framework/Versions/4.0/Resources/library/RcppEigen/include/RcppEigen.h:25:
In file included from /Library/Frameworks/R.framework/Versions/4.0/Resources/library/RcppEigen/include/RcppEigenForward.h:30:
In file included from /Library/Frameworks/R.framework/Versions/4.0/Resources/library/RcppEigen/include/Eigen/Dense:5:
In file included from /Library/Frameworks/R.framework/Versions/4.0/Resources/library/RcppEigen/include/Eigen/SVD:48:
/Library/Frameworks/R.framework/Versions/4.0/Resources/library/RcppEigen/include/Eigen/src/Core/util/ReenableStupidWarnings.h:14:30: warning: pragma diagnostic pop could not pop, no matching push [-Wunknown-pragmas]
    #pragma clang diagnostic pop
                             ^
In file included from RcppExports.cpp:6:
In file included from /Library/Frameworks/R.framework/Versions/4.0/Resources/library/RcppEigen/include/RcppEigen.h:25:
In file included from /Library/Frameworks/R.framework/Versions/4.0/Resources/library/RcppEigen/include/RcppEigenForward.h:30:
In file included from /Library/Frameworks/R.framework/Versions/4.0/Resources/library/RcppEigen/include/Eigen/Dense:6:
In file included from /Library/Frameworks/R.framework/Versions/4.0/Resources/library/RcppEigen/include/Eigen/Geometry:58:
/Library/Frameworks/R.framework/Versions/4.0/Resources/library/RcppEigen/include/Eigen/src/Core/util/ReenableStupidWarnings.h:14:30: warning: pragma diagnostic pop could not pop, no matching push [-Wunknown-pragmas]
    #pragma clang diagnostic pop
                             ^
In file included from RcppExports.cpp:6:
In file included from /Library/Frameworks/R.framework/Versions/4.0/Resources/library/RcppEigen/include/RcppEigen.h:25:
In file included from /Library/Frameworks/R.framework/Versions/4.0/Resources/library/RcppEigen/include/RcppEigenForward.h:30:
In file included from /Library/Frameworks/R.framework/Versions/4.0/Resources/library/RcppEigen/include/Eigen/Dense:7:
In file included from /Library/Frameworks/R.framework/Versions/4.0/Resources/library/RcppEigen/include/Eigen/Eigenvalues:58:
/Library/Frameworks/R.framework/Versions/4.0/Resources/library/RcppEigen/include/Eigen/src/Core/util/ReenableStupidWarnings.h:14:30: warning: pragma diagnostic pop could not pop, no matching push [-Wunknown-pragmas]
    #pragma clang diagnostic pop
                             ^
In file included from RcppExports.cpp:6:
In file included from /Library/Frameworks/R.framework/Versions/4.0/Resources/library/RcppEigen/include/RcppEigen.h:25:
In file included from /Library/Frameworks/R.framework/Versions/4.0/Resources/library/RcppEigen/include/RcppEigenForward.h:31:
In file included from /Library/Frameworks/R.framework/Versions/4.0/Resources/library/RcppEigen/include/Eigen/Sparse:26:
In file included from /Library/Frameworks/R.framework/Versions/4.0/Resources/library/RcppEigen/include/Eigen/SparseCore:66:
/Library/Frameworks/R.framework/Versions/4.0/Resources/library/RcppEigen/include/Eigen/src/Core/util/ReenableStupidWarnings.h:14:30: warning: pragma diagnostic pop could not pop, no matching push [-Wunknown-pragmas]
    #pragma clang diagnostic pop
                             ^
In file included from RcppExports.cpp:6:
In file included from /Library/Frameworks/R.framework/Versions/4.0/Resources/library/RcppEigen/include/RcppEigen.h:25:
In file included from /Library/Frameworks/R.framework/Versions/4.0/Resources/library/RcppEigen/include/RcppEigenForward.h:31:
In file included from /Library/Frameworks/R.framework/Versions/4.0/Resources/library/RcppEigen/include/Eigen/Sparse:27:
In file included from /Library/Frameworks/R.framework/Versions/4.0/Resources/library/RcppEigen/include/Eigen/OrderingMethods:71:
/Library/Frameworks/R.framework/Versions/4.0/Resources/library/RcppEigen/include/Eigen/src/Core/util/ReenableStupidWarnings.h:14:30: warning: pragma diagnostic pop could not pop, no matching push [-Wunknown-pragmas]
    #pragma clang diagnostic pop
                             ^
In file included from RcppExports.cpp:6:
In file included from /Library/Frameworks/R.framework/Versions/4.0/Resources/library/RcppEigen/include/RcppEigen.h:25:
In file included from /Library/Frameworks/R.framework/Versions/4.0/Resources/library/RcppEigen/include/RcppEigenForward.h:31:
In file included from /Library/Frameworks/R.framework/Versions/4.0/Resources/library/RcppEigen/include/Eigen/Sparse:29:
In file included from /Library/Frameworks/R.framework/Versions/4.0/Resources/library/RcppEigen/include/Eigen/SparseCholesky:43:
/Library/Frameworks/R.framework/Versions/4.0/Resources/library/RcppEigen/include/Eigen/src/Core/util/ReenableStupidWarnings.h:14:30: warning: pragma diagnostic pop could not pop, no matching push [-Wunknown-pragmas]
    #pragma clang diagnostic pop
                             ^
In file included from RcppExports.cpp:6:
In file included from /Library/Frameworks/R.framework/Versions/4.0/Resources/library/RcppEigen/include/RcppEigen.h:25:
In file included from /Library/Frameworks/R.framework/Versions/4.0/Resources/library/RcppEigen/include/RcppEigenForward.h:31:
In file included from /Library/Frameworks/R.framework/Versions/4.0/Resources/library/RcppEigen/include/Eigen/Sparse:32:
In file included from /Library/Frameworks/R.framework/Versions/4.0/Resources/library/RcppEigen/include/Eigen/SparseQR:34:
/Library/Frameworks/R.framework/Versions/4.0/Resources/library/RcppEigen/include/Eigen/src/Core/util/ReenableStupidWarnings.h:14:30: warning: pragma diagnostic pop could not pop, no matching push [-Wunknown-pragmas]
    #pragma clang diagnostic pop
                             ^
In file included from RcppExports.cpp:6:
In file included from /Library/Frameworks/R.framework/Versions/4.0/Resources/library/RcppEigen/include/RcppEigen.h:25:
In file included from /Library/Frameworks/R.framework/Versions/4.0/Resources/library/RcppEigen/include/RcppEigenForward.h:31:
In file included from /Library/Frameworks/R.framework/Versions/4.0/Resources/library/RcppEigen/include/Eigen/Sparse:33:
In file included from /Library/Frameworks/R.framework/Versions/4.0/Resources/library/RcppEigen/include/Eigen/IterativeLinearSolvers:46:
/Library/Frameworks/R.framework/Versions/4.0/Resources/library/RcppEigen/include/Eigen/src/Core/util/ReenableStupidWarnings.h:14:30: warning: pragma diagnostic pop could not pop, no matching push [-Wunknown-pragmas]
    #pragma clang diagnostic pop
                             ^
In file included from RcppExports.cpp:6:
In file included from /Library/Frameworks/R.framework/Versions/4.0/Resources/library/RcppEigen/include/RcppEigen.h:25:
In file included from /Library/Frameworks/R.framework/Versions/4.0/Resources/library/RcppEigen/include/RcppEigenForward.h:32:
In file included from /Library/Frameworks/R.framework/Versions/4.0/Resources/library/RcppEigen/include/Eigen/CholmodSupport:45:
/Library/Frameworks/R.framework/Versions/4.0/Resources/library/RcppEigen/include/Eigen/src/Core/util/ReenableStupidWarnings.h:14:30: warning: pragma diagnostic pop could not pop, no matching push [-Wunknown-pragmas]
    #pragma clang diagnostic pop
                             ^
In file included from RcppExports.cpp:6:
In file included from /Library/Frameworks/R.framework/Versions/4.0/Resources/library/RcppEigen/include/RcppEigen.h:25:
In file included from /Library/Frameworks/R.framework/Versions/4.0/Resources/library/RcppEigen/include/RcppEigenForward.h:35:
In file included from /Library/Frameworks/R.framework/Versions/4.0/Resources/library/RcppEigen/include/unsupported/Eigen/KroneckerProduct:34:
/Library/Frameworks/R.framework/Versions/4.0/Resources/library/RcppEigen/include/unsupported/Eigen/../../Eigen/src/Core/util/ReenableStupidWarnings.h:14:30: warning: pragma diagnostic pop could not pop, no matching push [-Wunknown-pragmas]
    #pragma clang diagnostic pop
                             ^
In file included from RcppExports.cpp:6:
In file included from /Library/Frameworks/R.framework/Versions/4.0/Resources/library/RcppEigen/include/RcppEigen.h:25:
In file included from /Library/Frameworks/R.framework/Versions/4.0/Resources/library/RcppEigen/include/RcppEigenForward.h:39:
In file included from /Library/Frameworks/R.framework/Versions/4.0/Resources/library/RcppEigen/include/unsupported/Eigen/Polynomials:135:
/Library/Frameworks/R.framework/Versions/4.0/Resources/library/RcppEigen/include/unsupported/Eigen/../../Eigen/src/Core/util/ReenableStupidWarnings.h:14:30: warning: pragma diagnostic pop could not pop, no matching push [-Wunknown-pragmas]
    #pragma clang diagnostic pop
                             ^
In file included from RcppExports.cpp:6:
In file included from /Library/Frameworks/R.framework/Versions/4.0/Resources/library/RcppEigen/include/RcppEigen.h:25:
In file included from /Library/Frameworks/R.framework/Versions/4.0/Resources/library/RcppEigen/include/RcppEigenForward.h:40:
In file included from /Library/Frameworks/R.framework/Versions/4.0/Resources/library/RcppEigen/include/unsupported/Eigen/SparseExtra:51:
/Library/Frameworks/R.framework/Versions/4.0/Resources/library/RcppEigen/include/unsupported/Eigen/../../Eigen/src/Core/util/ReenableStupidWarnings.h:14:30: warning: pragma diagnostic pop could not pop, no matching push [-Wunknown-pragmas]
    #pragma clang diagnostic pop
                             ^
RcppExports.cpp:331:36: error: use of undeclared identifier '_conos_RjnmfGRC'; did you mean '_conos_RjnmfC'?
    {"_conos_RjnmfGRC", (DL_FUNC) &_conos_RjnmfGRC, 10},
                                   ^~~~~~~~~~~~~~~
                                   _conos_RjnmfC
RcppExports.cpp:13:17: note: '_conos_RjnmfC' declared here
RcppExport SEXP _conos_RjnmfC(SEXP XsSEXP, SEXP XuSEXP, SEXP kSEXP, SEXP alphaSEXP, SEXP lambdaSEXP, SEXP epsilonSEXP, SEXP maxiterSEXP, SEXP verboseSEXP) {
                ^
19 warnings and 1 error generated.
make: *** [RcppExports.o] Error 1
ERROR: compilation failed for package ‘conos’
* removing ‘/Users/evanbiederstedt/conos/conos.Rcheck/conos’
